1.6755 	WARNING 	We strongly recommend you activate the PTB sound engine in PsychoPy prefs as the preferred audio engine. Its timing is vastly superior. Your prefs are currently set to use ['sounddevice', 'PTB', 'pyo', 'pygame'] (in that order).
20.9363 	WARNING 	User requested fullscreen with size [1024  768], but screen is actually [1440, 900]. Using actual size
22.5065 	EXP 	Created window1 = Window(allowGUI=False, allowStencil=False, args=UNKNOWN, autoLog=True, bitsMode=UNKNOWN, blendMode='avg', bpc=(8, 8, 8), color=array([0., 0., 0.]), colorSpace='rgb', depthBits=8, fullscr=<method-wrapper '__getattribute__' of attributeSetter object at 0x133e58a90>, gamma=None, gammaErrorPolicy='raise', kwargs=UNKNOWN, lms=UNKNOWN, monitor=<psychopy.monitors.calibTools.Monitor object at 0x139dc8358>, multiSample=False, name='window1', numSamples=2, pos=[360.0, 225.0], screen=0, size=array([2880, 1800]), stencilBits=0, stereo=False, units='height', useFBO=True, useRetina=True, viewOri=0.0, viewPos=None, viewScale=None, waitBlanking=True, winType='pyglet')
22.5065 	EXP 	window1: recordFrameIntervals = False
22.6725 	EXP 	window1: recordFrameIntervals = True
22.8561 	EXP 	window1: recordFrameIntervals = False
33.7455 	EXP 	Created movie = MovieStim3(__class__=<class 'psychopy.visual.movie3.MovieStim3'>, autoLog=True, color=UNKNOWN, colorSpace=UNKNOWN, depth=0.0, filename=str(...), flipHoriz=False, flipVert=False, fps=UNKNOWN, interpolate=True, loop=False, name='movie', noAudio=False, opacity=1.0, ori=0, pos=array([0., 0.]), size=array([1280.,  720.]), units='pix', vframe_callback=UNKNOWN, volume=UNKNOWN, win=Window(...))
33.7459 	EXP 	Sound sound_1 set volume 1.000
33.7698 	EXP 	Created noise = NoiseStim(__class__=<class 'psychopy.visual.noise.NoiseStim'>, autoDraw=False, autoLog=True, blendmode='avg', color=array([1., 1., 1.]), colorSpace='rgb', contrast=1.0, depth=-2.0, interpolate=False, mask='none', maskParams=None, name='noise', opacity=0.95, ori=0.0, phase=array([0., 0.]), pos=array([0., 0.]), rgbPedestal=array([0., 0., 0.]), sf=array([1., 1.]), size=array([0.6, 0.6]), tex='sin', texRes=128, units='height', win=Window(...))
33.7719 	ERROR 	Requiring a square power of two (e.g. 16 x 16, 256 x 256) texture but didn't receive one
33.7728 	ERROR 	Requiring a square power of two (e.g. 16 x 16, 256 x 256) texture but didn't receive one
33.7740 	EXP 	Sound sound_2 set volume 1.000
33.7790 	EXP 	Created noise_2 = NoiseStim(__class__=<class 'psychopy.visual.noise.NoiseStim'>, autoDraw=False, autoLog=True, blendmode='avg', color=array([1., 1., 1.]), colorSpace='rgb', contrast=1.0, depth=-4.0, interpolate=False, mask='none', maskParams=None, name='noise_2', opacity=0.95, ori=0.0, phase=array([0., 0.]), pos=array([0., 0.]), rgbPedestal=array([0., 0., 0.]), sf=array([1., 1.]), size=array([0.6, 0.6]), tex='sin', texRes=128, units='height', win=Window(...))
33.7821 	ERROR 	Requiring a square power of two (e.g. 16 x 16, 256 x 256) texture but didn't receive one
33.7829 	ERROR 	Requiring a square power of two (e.g. 16 x 16, 256 x 256) texture but didn't receive one
33.7833 	EXP 	Sound sound_3 set volume 1.000
33.7878 	EXP 	Created noise_3 = NoiseStim(__class__=<class 'psychopy.visual.noise.NoiseStim'>, autoDraw=False, autoLog=True, blendmode='avg', color=array([1., 1., 1.]), colorSpace='rgb', contrast=1.0, depth=-6.0, interpolate=False, mask='none', maskParams=None, name='noise_3', opacity=0.95, ori=0.0, phase=array([0., 0.]), pos=array([0., 0.]), rgbPedestal=array([0., 0., 0.]), sf=array([1., 1.]), size=array([0.6, 0.6]), tex='sin', texRes=128, units='height', win=Window(...))
33.7902 	ERROR 	Requiring a square power of two (e.g. 16 x 16, 256 x 256) texture but didn't receive one
33.7911 	ERROR 	Requiring a square power of two (e.g. 16 x 16, 256 x 256) texture but didn't receive one
33.7926 	EXP 	Created sequence: random, trialTypes=1, nReps=1, seed=None
33.7934 	EXP 	New trial (rep=0, index=0): None
33.8931 	EXP 	movie: movie = '/Applications/Documentos/Experimentos/videos/HIMYMS03E09.mkv'
33.8931 	EXP 	movie: autoLog = True
33.8931 	EXP 	noise: blendmode = 'avg'
33.8931 	EXP 	noise: mask = None
33.8931 	EXP 	noise: texRes = 128
33.8931 	EXP 	noise: noiseType = 'Binary'
33.8931 	EXP 	noise: noiseImage = None
33.8931 	EXP 	noise: noiseElementSize = 0.0625
33.8931 	EXP 	noise: noiseBaseSf = 8.0
33.8931 	EXP 	noise: noiseBW = 1.0
33.8931 	EXP 	noise: noiseBWO = 30.0
33.8931 	EXP 	noise: noiseFractalPower = 0.0
33.8931 	EXP 	noise: noiseFilterUpper = 8.0
33.8931 	EXP 	noise: noiseFilterLower = 1.0
33.8931 	EXP 	noise: noiseFilterOrder = 0.0
33.8931 	EXP 	noise: noiseClip = 3.0
33.8931 	EXP 	noise: filter = None
33.8931 	EXP 	noise: tex = <class 'numpy.ndarray'>
33.8931 	EXP 	noise: tex = <class 'numpy.ndarray'>
33.8931 	EXP 	noise_2: blendmode = 'avg'
33.8931 	EXP 	noise_2: mask = None
33.8931 	EXP 	noise_2: texRes = 128
33.8931 	EXP 	noise_2: noiseType = 'Binary'
33.8931 	EXP 	noise_2: noiseImage = None
33.8931 	EXP 	noise_2: noiseElementSize = 0.0625
33.8931 	EXP 	noise_2: noiseBaseSf = 8.0
33.8931 	EXP 	noise_2: noiseBW = 1.0
33.8931 	EXP 	noise_2: noiseBWO = 30.0
33.8931 	EXP 	noise_2: noiseFractalPower = 0.0
33.8931 	EXP 	noise_2: noiseFilterUpper = 8.0
33.8931 	EXP 	noise_2: noiseFilterLower = 1.0
33.8931 	EXP 	noise_2: noiseFilterOrder = 0.0
33.8931 	EXP 	noise_2: noiseClip = 3.0
33.8931 	EXP 	noise_2: filter = None
33.8931 	EXP 	noise_2: tex = <class 'numpy.ndarray'>
33.8931 	EXP 	noise_2: tex = <class 'numpy.ndarray'>
33.8931 	EXP 	noise_3: blendmode = 'avg'
33.8931 	EXP 	noise_3: mask = None
33.8931 	EXP 	noise_3: texRes = 128
33.8931 	EXP 	noise_3: noiseType = 'Binary'
33.8931 	EXP 	noise_3: noiseImage = None
33.8931 	EXP 	noise_3: noiseElementSize = 0.0625
33.8931 	EXP 	noise_3: noiseBaseSf = 8.0
33.8931 	EXP 	noise_3: noiseBW = 1.0
33.8931 	EXP 	noise_3: noiseBWO = 30.0
33.8931 	EXP 	noise_3: noiseFractalPower = 0.0
33.8931 	EXP 	noise_3: noiseFilterUpper = 8.0
33.8931 	EXP 	noise_3: noiseFilterLower = 1.0
33.8931 	EXP 	noise_3: noiseFilterOrder = 0.0
33.8931 	EXP 	noise_3: noiseClip = 3.0
33.8931 	EXP 	noise_3: filter = None
33.8931 	EXP 	noise_3: tex = <class 'numpy.ndarray'>
33.8931 	EXP 	noise_3: tex = <class 'numpy.ndarray'>
33.8931 	EXP 	movie: autoDraw = True
113.9006 	DATA 	Keypress: escape
114.6833 	EXP 	window1: mouseVisible = True
